2025-01-31T10:07:08.626+05:30  INFO 3288 --- [Project-postman-version] [restartedMain] c.a.s.p.s.AwsSpringWebRuntimeInitializer : AWS Environment: {USERDOMAIN_ROAMINGPROFILE=WGTI, OneDriveCommercial=C:\Users\ijain\OneDrive - WatchGuard Technologies Inc, LOCALAPPDATA=C:\Users\ijain\AppData\Local, PROCESSOR_LEVEL=6, USERDOMAIN=WGTI, LOGONSERVER=\\PRDDCIND02, SESSIONNAME=Console, ALLUSERSPROFILE=C:\ProgramData, PROCESSOR_ARCHITECTURE=AMD64, PSModulePath=C:\Program Files\WindowsPowerShell\Modules;C:\WINDOWS\system32\WindowsPowerShell\v1.0\Modules, SystemDrive=C:, MAVEN_HOME=C:\Users\ijain\Downloads\apache-maven-3.9.9-bin\apache-maven-3.9.9, OneDrive=C:\Users\ijain\OneDrive - WatchGuard Technologies Inc, APPDATA=C:\Users\ijain\AppData\Roaming, USERNAME=ijain, USERDNSDOMAIN=WGTI.NET, ProgramFiles(x86)=C:\Program Files (x86), CommonProgramFiles=C:\Program Files\Common Files, Path=C:/Users/ijain/Downloads/eclipse-java-2024-06-R-win32-x86_64/eclipse//plugins/org.eclipse.justj.openjdk.hotspot.jre.full.win32.x86_64_21.0.3.v20240426-1530/jre/bin/server;C:/Users/ijain/Downloads/eclipse-java-2024-06-R-win32-x86_64/eclipse//plugins/org.eclipse.justj.openjdk.hotspot.jre.full.win32.x86_64_21.0.3.v20240426-1530/jre/bin;C:\Program Files\MySQL\MySQL Server 8.0\bin;C:\Program Files\Java\jdk-22\bin;C:\Users\ijain\Downloads\apache-maven-3.9.9-bin\apache-maven-3.9.9\bin;C:\Program Files\Common Files\Oracle\Java\javapath;C:\WINDOWS\system32;C:\WINDOWS;C:\WINDOWS\System32\Wbem;C:\WINDOWS\System32\WindowsPowerShell\v1.0\;C:\WINDOWS\System32\OpenSSH\;C:\Program Files\dotnet\;C:\Program Files\Docker\Docker\resources\bin;C:\Program Files\RedHat\Podman\;C:\Program Files (x86)\Git\cmd;C:\Program Files\Amazon\AWSCLIV2\;C:\Program Files\Amazon\AWSSAMCLI\bin\;C:\Program Files\nodejs\;C:\Program Files\MySQL\MySQL Shell 8.0\bin\;C:\Users\ijain\AppData\Local\Microsoft\WindowsApps;C:\Users\ijain\AppData\Local\GitHubDesktop\bin;C:\Users\ijain\AppData\Local\Programs\Microsoft VS Code\bin;C:\Program Files\nodejs;C:\Users\ijain\AppData\Roaming\npm;C:\Users\ijain\Downloads\eclipse-java-2024-06-R-win32-x86_64\eclipse;, PATHEXT=.COM;.EXE;.BAT;.CMD;.VBS;.VBE;.JS;.JSE;.WSF;.WSH;.MSC, DriverData=C:\Windows\System32\Drivers\DriverData, OS=Windows_NT, COMPUTERNAME=LAP-55382, PROCESSOR_REVISION=8e0c, CommonProgramW6432=C:\Program Files\Common Files, ComSpec=C:\WINDOWS\system32\cmd.exe, ProgramData=C:\ProgramData, ProgramW6432=C:\Program Files, HOMEPATH=\Users\ijain, SystemRoot=C:\WINDOWS, TEMP=C:\Users\ijain\AppData\Local\Temp, HOMEDRIVE=C:, PROCESSOR_IDENTIFIER=Intel64 Family 6 Model 142 Stepping 12, GenuineIntel, USERPROFILE=C:\Users\ijain, TMP=C:\Users\ijain\AppData\Local\Temp, CommonProgramFiles(x86)=C:\Program Files (x86)\Common Files, ProgramFiles=C:\Program Files, PUBLIC=C:\Users\Public, NUMBER_OF_PROCESSORS=8, windir=C:\WINDOWS, =::=::\, EFC_11124=1, ZES_ENABLE_SYSMAN=1}
2025-01-31T10:07:08.705+05:30  INFO 3288 --- [Project-postman-version] [restartedMain] com.society.main                         : Starting main using Java 21.0.3 with PID 3288 (C:\Users\ijain\eclipse-workspace\societyManageRestAPI\target\classes started by ijain in C:\Users\ijain\eclipse-workspace\societyManageRestAPI)
2025-01-31T10:07:08.709+05:30  INFO 3288 --- [Project-postman-version] [restartedMain] com.society.main                         : The following 1 profile is active: "DbConnection"
2025-01-31T10:07:08.845+05:30  INFO 3288 --- [Project-postman-version] [restartedMain] .e.DevToolsPropertyDefaultsPostProcessor : Devtools property defaults active! Set 'spring.devtools.add-properties' to 'false' to disable
2025-01-31T10:07:08.845+05:30  INFO 3288 --- [Project-postman-version] [restartedMain] .e.DevToolsPropertyDefaultsPostProcessor : For additional web related logging consider setting the 'logging.level.web' property to 'DEBUG'
2025-01-31T10:07:13.599+05:30  INFO 3288 --- [Project-postman-version] [restartedMain] .s.d.r.c.RepositoryConfigurationDelegate : Bootstrapping Spring Data JDBC repositories in DEFAULT mode.
2025-01-31T10:07:13.883+05:30  INFO 3288 --- [Project-postman-version] [restartedMain] .s.d.r.c.RepositoryConfigurationDelegate : Finished Spring Data repository scanning in 267 ms. Found 0 JDBC repository interfaces.
2025-01-31T10:07:16.905+05:30  INFO 3288 --- [Project-postman-version] [restartedMain] o.s.b.w.embedded.tomcat.TomcatWebServer  : Tomcat initialized with port 8080 (http)
2025-01-31T10:07:16.963+05:30  INFO 3288 --- [Project-postman-version] [restartedMain] o.apache.catalina.core.StandardService   : Starting service [Tomcat]
2025-01-31T10:07:16.965+05:30  INFO 3288 --- [Project-postman-version] [restartedMain] o.apache.catalina.core.StandardEngine    : Starting Servlet engine: [Apache Tomcat/10.1.30]
2025-01-31T10:07:17.245+05:30  INFO 3288 --- [Project-postman-version] [restartedMain] o.a.c.c.C.[Tomcat].[localhost].[/]       : Initializing Spring embedded WebApplicationContext
2025-01-31T10:07:17.246+05:30  INFO 3288 --- [Project-postman-version] [restartedMain] w.s.c.ServletWebServerApplicationContext : Root WebApplicationContext: initialization completed in 8399 ms
2025-01-31T10:07:20.925+05:30  INFO 3288 --- [Project-postman-version] [restartedMain] r$InitializeUserDetailsManagerConfigurer : Global AuthenticationManager configured with UserDetailsService bean with name userDetailsServiceImpl
2025-01-31T10:07:22.016+05:30 DEBUG 3288 --- [Project-postman-version] [restartedMain] s.w.s.m.m.a.RequestMappingHandlerMapping : 46 mappings in 'requestMappingHandlerMapping'
2025-01-31T10:07:22.755+05:30 DEBUG 3288 --- [Project-postman-version] [restartedMain] o.s.w.s.handler.SimpleUrlHandlerMapping  : Patterns [/webjars/**, /**, /swagger-ui*/*swagger-initializer.js, /swagger-ui*/**] in 'resourceHandlerMapping'
2025-01-31T10:07:23.369+05:30 DEBUG 3288 --- [Project-postman-version] [restartedMain] s.w.s.m.m.a.RequestMappingHandlerAdapter : ControllerAdvice beans: 0 @ModelAttribute, 0 @InitBinder, 1 RequestBodyAdvice, 1 ResponseBodyAdvice
2025-01-31T10:07:23.531+05:30 DEBUG 3288 --- [Project-postman-version] [restartedMain] .m.m.a.ExceptionHandlerExceptionResolver : ControllerAdvice beans: 2 @ExceptionHandler, 1 ResponseBodyAdvice
2025-01-31T10:07:24.383+05:30  INFO 3288 --- [Project-postman-version] [restartedMain] com.zaxxer.hikari.HikariDataSource       : HikariPool-1 - Starting...
2025-01-31T10:07:24.543+05:30  INFO 3288 --- [Project-postman-version] [restartedMain] com.zaxxer.hikari.pool.HikariPool        : HikariPool-1 - Added connection com.mysql.cj.jdbc.ConnectionImpl@7f3c65c6
2025-01-31T10:07:24.551+05:30  INFO 3288 --- [Project-postman-version] [restartedMain] com.zaxxer.hikari.HikariDataSource       : HikariPool-1 - Start completed.
2025-01-31T10:07:26.047+05:30  INFO 3288 --- [Project-postman-version] [restartedMain] o.s.b.d.a.OptionalLiveReloadServer       : LiveReload server is running on port 35729
2025-01-31T10:07:26.210+05:30  INFO 3288 --- [Project-postman-version] [restartedMain] o.s.b.w.embedded.tomcat.TomcatWebServer  : Tomcat started on port 8080 (http) with context path '/'
2025-01-31T10:07:26.252+05:30  INFO 3288 --- [Project-postman-version] [restartedMain] com.society.main                         : Started main in 19.126 seconds (process running for 21.984)
2025-01-31T11:01:42.096+05:30  INFO 3288 --- [Project-postman-version] [http-nio-8080-exec-1] o.a.c.c.C.[Tomcat].[localhost].[/]       : Initializing Spring DispatcherServlet 'dispatcherServlet'
2025-01-31T11:01:42.101+05:30  INFO 3288 --- [Project-postman-version] [http-nio-8080-exec-1] o.s.web.servlet.DispatcherServlet        : Initializing Servlet 'dispatcherServlet'
2025-01-31T11:01:42.103+05:30 DEBUG 3288 --- [Project-postman-version] [http-nio-8080-exec-1] o.s.web.servlet.DispatcherServlet        : Detected StandardServletMultipartResolver
2025-01-31T11:01:42.103+05:30 DEBUG 3288 --- [Project-postman-version] [http-nio-8080-exec-1] o.s.web.servlet.DispatcherServlet        : Detected AcceptHeaderLocaleResolver
2025-01-31T11:01:42.104+05:30 DEBUG 3288 --- [Project-postman-version] [http-nio-8080-exec-1] o.s.web.servlet.DispatcherServlet        : Detected FixedThemeResolver
2025-01-31T11:01:42.121+05:30 DEBUG 3288 --- [Project-postman-version] [http-nio-8080-exec-1] o.s.web.servlet.DispatcherServlet        : Detected org.springframework.web.servlet.view.DefaultRequestToViewNameTranslator@21a13d27
2025-01-31T11:01:42.124+05:30 DEBUG 3288 --- [Project-postman-version] [http-nio-8080-exec-1] o.s.web.servlet.DispatcherServlet        : Detected org.springframework.web.servlet.support.SessionFlashMapManager@773997d5
2025-01-31T11:01:42.125+05:30 DEBUG 3288 --- [Project-postman-version] [http-nio-8080-exec-1] o.s.web.servlet.DispatcherServlet        : enableLoggingRequestDetails='false': request parameters and headers will be masked to prevent unsafe logging of potentially sensitive data
2025-01-31T11:01:42.126+05:30  INFO 3288 --- [Project-postman-version] [http-nio-8080-exec-1] o.s.web.servlet.DispatcherServlet        : Completed initialization in 25 ms
2025-01-31T11:01:42.255+05:30 DEBUG 3288 --- [Project-postman-version] [http-nio-8080-exec-2] o.s.web.servlet.DispatcherServlet        : POST "/api/auth/login", parameters={}
2025-01-31T11:01:42.259+05:30 DEBUG 3288 --- [Project-postman-version] [http-nio-8080-exec-2] s.w.s.m.m.a.RequestMappingHandlerMapping : Mapped to com.society.security.AuthController#login(JwtRequest)
2025-01-31T11:01:42.442+05:30 DEBUG 3288 --- [Project-postman-version] [http-nio-8080-exec-2] m.m.a.RequestResponseBodyMethodProcessor : Read "application/json;charset=UTF-8" to [com.society.dto.JwtRequest@5135b691]
2025-01-31T11:01:42.792+05:30 DEBUG 3288 --- [Project-postman-version] [http-nio-8080-exec-2] o.s.w.s.m.m.a.HttpEntityMethodProcessor  : Using 'application/json', given [application/json, text/plain, */*] and supported [application/json, application/*+json]
2025-01-31T11:01:42.801+05:30 DEBUG 3288 --- [Project-postman-version] [http-nio-8080-exec-2] o.s.w.s.m.m.a.HttpEntityMethodProcessor  : Writing [ApiResponse(status=SUCCESS, message=Logged in successfully., data={JWT Token=eyJ0eXAiOiJqd3QiLCJhbGc (truncated)...]
2025-01-31T11:01:42.840+05:30 DEBUG 3288 --- [Project-postman-version] [http-nio-8080-exec-2] o.s.web.servlet.DispatcherServlet        : Completed 200 OK
2025-01-31T11:01:49.477+05:30 DEBUG 3288 --- [Project-postman-version] [http-nio-8080-exec-4] o.s.web.servlet.DispatcherServlet        : POST "/api/auth/login", parameters={}
2025-01-31T11:01:49.479+05:30 DEBUG 3288 --- [Project-postman-version] [http-nio-8080-exec-4] s.w.s.m.m.a.RequestMappingHandlerMapping : Mapped to com.society.security.AuthController#login(JwtRequest)
2025-01-31T11:01:49.480+05:30 DEBUG 3288 --- [Project-postman-version] [http-nio-8080-exec-4] m.m.a.RequestResponseBodyMethodProcessor : Read "application/json;charset=UTF-8" to [com.society.dto.JwtRequest@18dff221]
2025-01-31T11:01:49.484+05:30 DEBUG 3288 --- [Project-postman-version] [http-nio-8080-exec-4] o.s.w.s.m.m.a.HttpEntityMethodProcessor  : Using 'application/json', given [application/json, text/plain, */*] and supported [application/json, application/*+json]
2025-01-31T11:01:49.485+05:30 DEBUG 3288 --- [Project-postman-version] [http-nio-8080-exec-4] o.s.w.s.m.m.a.HttpEntityMethodProcessor  : Writing [ApiResponse(status=SUCCESS, message=Logged in successfully., data={JWT Token=eyJ0eXAiOiJqd3QiLCJhbGc (truncated)...]
2025-01-31T11:01:49.487+05:30 DEBUG 3288 --- [Project-postman-version] [http-nio-8080-exec-4] o.s.web.servlet.DispatcherServlet        : Completed 200 OK
2025-01-31T11:05:42.611+05:30 DEBUG 3288 --- [Project-postman-version] [http-nio-8080-exec-7] o.s.web.servlet.DispatcherServlet        : POST "/api/auth/login", parameters={}
2025-01-31T11:05:42.612+05:30 DEBUG 3288 --- [Project-postman-version] [http-nio-8080-exec-7] s.w.s.m.m.a.RequestMappingHandlerMapping : Mapped to com.society.security.AuthController#login(JwtRequest)
2025-01-31T11:05:42.613+05:30 DEBUG 3288 --- [Project-postman-version] [http-nio-8080-exec-7] m.m.a.RequestResponseBodyMethodProcessor : Read "application/json;charset=UTF-8" to [com.society.dto.JwtRequest@426124ea]
2025-01-31T11:05:42.621+05:30 DEBUG 3288 --- [Project-postman-version] [http-nio-8080-exec-7] o.s.w.s.m.m.a.HttpEntityMethodProcessor  : Using 'application/json', given [application/json, text/plain, */*] and supported [application/json, application/*+json]
2025-01-31T11:05:42.622+05:30 DEBUG 3288 --- [Project-postman-version] [http-nio-8080-exec-7] o.s.w.s.m.m.a.HttpEntityMethodProcessor  : Writing [ApiResponse(status=SUCCESS, message=Logged in successfully., data={JWT Token=eyJ0eXAiOiJqd3QiLCJhbGc (truncated)...]
2025-01-31T11:05:42.623+05:30 DEBUG 3288 --- [Project-postman-version] [http-nio-8080-exec-7] o.s.web.servlet.DispatcherServlet        : Completed 200 OK
2025-01-31T11:05:51.059+05:30 DEBUG 3288 --- [Project-postman-version] [http-nio-8080-exec-9] o.s.web.servlet.DispatcherServlet        : GET "/visitors/cced5e8b84b0", parameters={}
2025-01-31T11:05:51.061+05:30 DEBUG 3288 --- [Project-postman-version] [http-nio-8080-exec-9] s.w.s.m.m.a.RequestMappingHandlerMapping : Mapped to com.society.controller.VisitorController#retriveVisitorByUser(String)
2025-01-31T11:05:51.106+05:30 DEBUG 3288 --- [Project-postman-version] [http-nio-8080-exec-9] o.s.w.s.m.m.a.HttpEntityMethodProcessor  : Using 'application/json', given [application/json, text/plain, */*] and supported [application/json, application/*+json]
2025-01-31T11:05:51.112+05:30 DEBUG 3288 --- [Project-postman-version] [http-nio-8080-exec-9] o.s.w.s.m.m.a.HttpEntityMethodProcessor  : Writing [ApiResponse(status=SUCCESS, message=Data Fetched succesfully, data=[Visitor [idVisitor=6d95b743aa52, (truncated)...]
2025-01-31T11:05:51.122+05:30 DEBUG 3288 --- [Project-postman-version] [http-nio-8080-exec-9] o.s.web.servlet.DispatcherServlet        : Completed 200 OK
2025-01-31T11:06:19.695+05:30 DEBUG 3288 --- [Project-postman-version] [http-nio-8080-exec-1] o.s.web.servlet.DispatcherServlet        : POST "/api/auth/login", parameters={}
2025-01-31T11:06:19.695+05:30 DEBUG 3288 --- [Project-postman-version] [http-nio-8080-exec-1] s.w.s.m.m.a.RequestMappingHandlerMapping : Mapped to com.society.security.AuthController#login(JwtRequest)
2025-01-31T11:06:19.697+05:30 DEBUG 3288 --- [Project-postman-version] [http-nio-8080-exec-1] m.m.a.RequestResponseBodyMethodProcessor : Read "application/json;charset=UTF-8" to [com.society.dto.JwtRequest@216ece0c]
2025-01-31T11:06:19.702+05:30 DEBUG 3288 --- [Project-postman-version] [http-nio-8080-exec-1] o.s.w.s.m.m.a.HttpEntityMethodProcessor  : Using 'application/json', given [application/json, text/plain, */*] and supported [application/json, application/*+json]
2025-01-31T11:06:19.702+05:30 DEBUG 3288 --- [Project-postman-version] [http-nio-8080-exec-1] o.s.w.s.m.m.a.HttpEntityMethodProcessor  : Writing [ApiResponse(status=SUCCESS, message=Logged in successfully., data={JWT Token=eyJ0eXAiOiJqd3QiLCJhbGc (truncated)...]
2025-01-31T11:06:19.703+05:30 DEBUG 3288 --- [Project-postman-version] [http-nio-8080-exec-1] o.s.web.servlet.DispatcherServlet        : Completed 200 OK
2025-01-31T11:07:08.150+05:30 DEBUG 3288 --- [Project-postman-version] [http-nio-8080-exec-3] o.s.web.servlet.DispatcherServlet        : GET "/userName", parameters={}
2025-01-31T11:07:08.151+05:30 DEBUG 3288 --- [Project-postman-version] [http-nio-8080-exec-3] s.w.s.m.m.a.RequestMappingHandlerMapping : Mapped to com.society.controller.UserController#getuserName()
2025-01-31T11:07:08.152+05:30  INFO 3288 --- [Project-postman-version] [http-nio-8080-exec-3] com.society.controller.UserController    : Request to access username list by admin: {}
2025-01-31T11:07:08.166+05:30  INFO 3288 --- [Project-postman-version] [http-nio-8080-exec-3] com.society.controller.UserController    : UserName list retrived successfully
2025-01-31T11:07:08.168+05:30 DEBUG 3288 --- [Project-postman-version] [http-nio-8080-exec-3] o.s.w.s.m.m.a.HttpEntityMethodProcessor  : Using 'application/json', given [application/json, text/plain, */*] and supported [application/json, application/*+json]
2025-01-31T11:07:08.168+05:30 DEBUG 3288 --- [Project-postman-version] [http-nio-8080-exec-3] o.s.w.s.m.m.a.HttpEntityMethodProcessor  : Writing [ApiResponse(status=SUCCESS, message=Data Fetched succesfully, data=[User [idUser=cced5e8b84b0, userN (truncated)...]
2025-01-31T11:07:08.170+05:30 DEBUG 3288 --- [Project-postman-version] [http-nio-8080-exec-3] o.s.web.servlet.DispatcherServlet        : Completed 200 OK
2025-01-31T11:07:43.536+05:30 DEBUG 3288 --- [Project-postman-version] [http-nio-8080-exec-5] o.s.web.servlet.DispatcherServlet        : POST "/visitor/cced5e8b84b0", parameters={}
2025-01-31T11:07:43.537+05:30 DEBUG 3288 --- [Project-postman-version] [http-nio-8080-exec-5] s.w.s.m.m.a.RequestMappingHandlerMapping : Mapped to com.society.controller.VisitorController#createVisitor(String, Visitor)
2025-01-31T11:07:43.543+05:30 DEBUG 3288 --- [Project-postman-version] [http-nio-8080-exec-5] m.m.a.RequestResponseBodyMethodProcessor : Read "application/json;charset=UTF-8" to [Visitor [idVisitor=null, userId=cced5e8b84b0, name=riya, purpose=friend, arrivalTime=15:03, departur (truncated)...]
2025-01-31T11:07:43.733+05:30 DEBUG 3288 --- [Project-postman-version] [http-nio-8080-exec-5] o.s.w.s.m.m.a.HttpEntityMethodProcessor  : Using 'application/json', given [application/json, text/plain, */*] and supported [application/json, application/*+json]
2025-01-31T11:07:43.734+05:30 DEBUG 3288 --- [Project-postman-version] [http-nio-8080-exec-5] o.s.w.s.m.m.a.HttpEntityMethodProcessor  : Writing [ApiResponse(status=SUCCESS, message=Visitor created, data=Visitor [idVisitor=6616dee8828c, userId=cc (truncated)...]
2025-01-31T11:07:43.737+05:30 DEBUG 3288 --- [Project-postman-version] [http-nio-8080-exec-5] o.s.web.servlet.DispatcherServlet        : Completed 200 OK
2025-01-31T11:08:39.953+05:30 DEBUG 3288 --- [Project-postman-version] [http-nio-8080-exec-7] o.s.web.servlet.DispatcherServlet        : POST "/api/auth/login", parameters={}
2025-01-31T11:08:39.954+05:30 DEBUG 3288 --- [Project-postman-version] [http-nio-8080-exec-7] s.w.s.m.m.a.RequestMappingHandlerMapping : Mapped to com.society.security.AuthController#login(JwtRequest)
2025-01-31T11:08:39.954+05:30 DEBUG 3288 --- [Project-postman-version] [http-nio-8080-exec-7] m.m.a.RequestResponseBodyMethodProcessor : Read "application/json;charset=UTF-8" to [com.society.dto.JwtRequest@48994f9a]
2025-01-31T11:08:39.958+05:30 DEBUG 3288 --- [Project-postman-version] [http-nio-8080-exec-7] o.s.w.s.m.m.a.HttpEntityMethodProcessor  : Using 'application/json', given [application/json, text/plain, */*] and supported [application/json, application/*+json]
2025-01-31T11:08:39.958+05:30 DEBUG 3288 --- [Project-postman-version] [http-nio-8080-exec-7] o.s.w.s.m.m.a.HttpEntityMethodProcessor  : Writing [ApiResponse(status=SUCCESS, message=Logged in successfully., data={JWT Token=eyJ0eXAiOiJqd3QiLCJhbGc (truncated)...]
2025-01-31T11:08:39.959+05:30 DEBUG 3288 --- [Project-postman-version] [http-nio-8080-exec-7] o.s.web.servlet.DispatcherServlet        : Completed 200 OK
2025-01-31T11:08:44.171+05:30 DEBUG 3288 --- [Project-postman-version] [http-nio-8080-exec-9] o.s.web.servlet.DispatcherServlet        : GET "/userName", parameters={}
2025-01-31T11:08:44.172+05:30 DEBUG 3288 --- [Project-postman-version] [http-nio-8080-exec-9] s.w.s.m.m.a.RequestMappingHandlerMapping : Mapped to com.society.controller.UserController#getuserName()
2025-01-31T11:08:44.173+05:30  INFO 3288 --- [Project-postman-version] [http-nio-8080-exec-9] com.society.controller.UserController    : Request to access username list by admin: {}
2025-01-31T11:08:44.174+05:30  INFO 3288 --- [Project-postman-version] [http-nio-8080-exec-9] com.society.controller.UserController    : UserName list retrived successfully
2025-01-31T11:08:44.175+05:30 DEBUG 3288 --- [Project-postman-version] [http-nio-8080-exec-9] o.s.w.s.m.m.a.HttpEntityMethodProcessor  : Using 'application/json', given [application/json, text/plain, */*] and supported [application/json, application/*+json]
2025-01-31T11:08:44.176+05:30 DEBUG 3288 --- [Project-postman-version] [http-nio-8080-exec-9] o.s.w.s.m.m.a.HttpEntityMethodProcessor  : Writing [ApiResponse(status=SUCCESS, message=Data Fetched succesfully, data=[User [idUser=cced5e8b84b0, userN (truncated)...]
2025-01-31T11:08:44.177+05:30 DEBUG 3288 --- [Project-postman-version] [http-nio-8080-exec-9] o.s.web.servlet.DispatcherServlet        : Completed 200 OK
2025-01-31T11:09:10.073+05:30 DEBUG 3288 --- [Project-postman-version] [http-nio-8080-exec-1] o.s.web.servlet.DispatcherServlet        : POST "/visitor/cced5e8b84b0", parameters={}
2025-01-31T11:09:10.075+05:30 DEBUG 3288 --- [Project-postman-version] [http-nio-8080-exec-1] s.w.s.m.m.a.RequestMappingHandlerMapping : Mapped to com.society.controller.VisitorController#createVisitor(String, Visitor)
2025-01-31T11:09:10.077+05:30 DEBUG 3288 --- [Project-postman-version] [http-nio-8080-exec-1] m.m.a.RequestResponseBodyMethodProcessor : Read "application/json;charset=UTF-8" to [Visitor [idVisitor=null, userId=cced5e8b84b0, name=shreshtha, purpose=friend, arrivalTime=01:11, dep (truncated)...]
2025-01-31T11:09:10.105+05:30 DEBUG 3288 --- [Project-postman-version] [http-nio-8080-exec-1] o.s.w.s.m.m.a.HttpEntityMethodProcessor  : Using 'application/json', given [application/json, text/plain, */*] and supported [application/json, application/*+json]
2025-01-31T11:09:10.106+05:30 DEBUG 3288 --- [Project-postman-version] [http-nio-8080-exec-1] o.s.w.s.m.m.a.HttpEntityMethodProcessor  : Writing [ApiResponse(status=SUCCESS, message=Visitor created, data=Visitor [idVisitor=b403a0a7100b, userId=cc (truncated)...]
2025-01-31T11:09:10.107+05:30 DEBUG 3288 --- [Project-postman-version] [http-nio-8080-exec-1] o.s.web.servlet.DispatcherServlet        : Completed 200 OK
2025-01-31T11:11:01.614+05:30 DEBUG 3288 --- [Project-postman-version] [http-nio-8080-exec-4] o.s.web.servlet.DispatcherServlet        : POST "/api/auth/login", parameters={}
2025-01-31T11:11:01.615+05:30 DEBUG 3288 --- [Project-postman-version] [http-nio-8080-exec-4] s.w.s.m.m.a.RequestMappingHandlerMapping : Mapped to com.society.security.AuthController#login(JwtRequest)
2025-01-31T11:11:01.616+05:30 DEBUG 3288 --- [Project-postman-version] [http-nio-8080-exec-4] m.m.a.RequestResponseBodyMethodProcessor : Read "application/json;charset=UTF-8" to [com.society.dto.JwtRequest@12279951]
2025-01-31T11:11:01.621+05:30 DEBUG 3288 --- [Project-postman-version] [http-nio-8080-exec-4] o.s.w.s.m.m.a.HttpEntityMethodProcessor  : Using 'application/json', given [application/json, text/plain, */*] and supported [application/json, application/*+json]
2025-01-31T11:11:01.622+05:30 DEBUG 3288 --- [Project-postman-version] [http-nio-8080-exec-4] o.s.w.s.m.m.a.HttpEntityMethodProcessor  : Writing [ApiResponse(status=SUCCESS, message=Logged in successfully., data={JWT Token=eyJ0eXAiOiJqd3QiLCJhbGc (truncated)...]
2025-01-31T11:11:01.622+05:30 DEBUG 3288 --- [Project-postman-version] [http-nio-8080-exec-4] o.s.web.servlet.DispatcherServlet        : Completed 200 OK
2025-01-31T11:11:07.221+05:30 DEBUG 3288 --- [Project-postman-version] [http-nio-8080-exec-6] o.s.web.servlet.DispatcherServlet        : POST "/api/auth/login", parameters={}
2025-01-31T11:11:07.222+05:30 DEBUG 3288 --- [Project-postman-version] [http-nio-8080-exec-6] s.w.s.m.m.a.RequestMappingHandlerMapping : Mapped to com.society.security.AuthController#login(JwtRequest)
2025-01-31T11:11:07.222+05:30 DEBUG 3288 --- [Project-postman-version] [http-nio-8080-exec-6] m.m.a.RequestResponseBodyMethodProcessor : Read "application/json;charset=UTF-8" to [com.society.dto.JwtRequest@542d33e7]
2025-01-31T11:11:07.228+05:30 DEBUG 3288 --- [Project-postman-version] [http-nio-8080-exec-6] o.s.w.s.m.m.a.HttpEntityMethodProcessor  : Using 'application/json', given [application/json, text/plain, */*] and supported [application/json, application/*+json]
2025-01-31T11:11:07.228+05:30 DEBUG 3288 --- [Project-postman-version] [http-nio-8080-exec-6] o.s.w.s.m.m.a.HttpEntityMethodProcessor  : Writing [ApiResponse(status=SUCCESS, message=Logged in successfully., data={JWT Token=eyJ0eXAiOiJqd3QiLCJhbGc (truncated)...]
2025-01-31T11:11:07.230+05:30 DEBUG 3288 --- [Project-postman-version] [http-nio-8080-exec-6] o.s.web.servlet.DispatcherServlet        : Completed 200 OK
2025-01-31T11:11:16.382+05:30 DEBUG 3288 --- [Project-postman-version] [http-nio-8080-exec-8] o.s.web.servlet.DispatcherServlet        : POST "/api/auth/login", parameters={}
2025-01-31T11:11:16.384+05:30 DEBUG 3288 --- [Project-postman-version] [http-nio-8080-exec-8] s.w.s.m.m.a.RequestMappingHandlerMapping : Mapped to com.society.security.AuthController#login(JwtRequest)
2025-01-31T11:11:16.385+05:30 DEBUG 3288 --- [Project-postman-version] [http-nio-8080-exec-8] m.m.a.RequestResponseBodyMethodProcessor : Read "application/json;charset=UTF-8" to [com.society.dto.JwtRequest@651fa53b]
2025-01-31T11:11:16.389+05:30 DEBUG 3288 --- [Project-postman-version] [http-nio-8080-exec-8] o.s.w.s.m.m.a.HttpEntityMethodProcessor  : Using 'application/json', given [application/json, text/plain, */*] and supported [application/json, application/*+json]
2025-01-31T11:11:16.390+05:30 DEBUG 3288 --- [Project-postman-version] [http-nio-8080-exec-8] o.s.w.s.m.m.a.HttpEntityMethodProcessor  : Writing [ApiResponse(status=SUCCESS, message=Logged in successfully., data={JWT Token=eyJ0eXAiOiJqd3QiLCJhbGc (truncated)...]
2025-01-31T11:11:16.391+05:30 DEBUG 3288 --- [Project-postman-version] [http-nio-8080-exec-8] o.s.web.servlet.DispatcherServlet        : Completed 200 OK
2025-01-31T11:22:35.459+05:30 DEBUG 3288 --- [Project-postman-version] [http-nio-8080-exec-1] o.s.web.servlet.DispatcherServlet        : POST "/api/auth/login", parameters={}
2025-01-31T11:22:35.460+05:30 DEBUG 3288 --- [Project-postman-version] [http-nio-8080-exec-1] s.w.s.m.m.a.RequestMappingHandlerMapping : Mapped to com.society.security.AuthController#login(JwtRequest)
2025-01-31T11:22:35.464+05:30 DEBUG 3288 --- [Project-postman-version] [http-nio-8080-exec-1] m.m.a.RequestResponseBodyMethodProcessor : Read "application/json;charset=UTF-8" to [com.society.dto.JwtRequest@3830f774]
2025-01-31T11:22:35.472+05:30 DEBUG 3288 --- [Project-postman-version] [http-nio-8080-exec-1] o.s.w.s.m.m.a.HttpEntityMethodProcessor  : Using 'application/json', given [application/json, text/plain, */*] and supported [application/json, application/*+json]
2025-01-31T11:22:35.472+05:30 DEBUG 3288 --- [Project-postman-version] [http-nio-8080-exec-1] o.s.w.s.m.m.a.HttpEntityMethodProcessor  : Writing [ApiResponse(status=SUCCESS, message=Logged in successfully., data={JWT Token=eyJ0eXAiOiJqd3QiLCJhbGc (truncated)...]
2025-01-31T11:22:35.474+05:30 DEBUG 3288 --- [Project-postman-version] [http-nio-8080-exec-1] o.s.web.servlet.DispatcherServlet        : Completed 200 OK
2025-01-31T11:22:44.214+05:30 DEBUG 3288 --- [Project-postman-version] [http-nio-8080-exec-3] o.s.web.servlet.DispatcherServlet        : POST "/api/auth/login", parameters={}
2025-01-31T11:22:44.214+05:30 DEBUG 3288 --- [Project-postman-version] [http-nio-8080-exec-3] s.w.s.m.m.a.RequestMappingHandlerMapping : Mapped to com.society.security.AuthController#login(JwtRequest)
2025-01-31T11:22:44.215+05:30 DEBUG 3288 --- [Project-postman-version] [http-nio-8080-exec-3] m.m.a.RequestResponseBodyMethodProcessor : Read "application/json;charset=UTF-8" to [com.society.dto.JwtRequest@5f0f733f]
2025-01-31T11:22:44.220+05:30 DEBUG 3288 --- [Project-postman-version] [http-nio-8080-exec-3] o.s.w.s.m.m.a.HttpEntityMethodProcessor  : Using 'application/json', given [application/json, text/plain, */*] and supported [application/json, application/*+json]
2025-01-31T11:22:44.220+05:30 DEBUG 3288 --- [Project-postman-version] [http-nio-8080-exec-3] o.s.w.s.m.m.a.HttpEntityMethodProcessor  : Writing [ApiResponse(status=SUCCESS, message=Logged in successfully., data={JWT Token=eyJ0eXAiOiJqd3QiLCJhbGc (truncated)...]
2025-01-31T11:22:44.221+05:30 DEBUG 3288 --- [Project-postman-version] [http-nio-8080-exec-3] o.s.web.servlet.DispatcherServlet        : Completed 200 OK
2025-01-31T11:22:53.011+05:30 DEBUG 3288 --- [Project-postman-version] [http-nio-8080-exec-5] o.s.web.servlet.DispatcherServlet        : POST "/api/auth/login", parameters={}
2025-01-31T11:22:53.011+05:30 DEBUG 3288 --- [Project-postman-version] [http-nio-8080-exec-5] s.w.s.m.m.a.RequestMappingHandlerMapping : Mapped to com.society.security.AuthController#login(JwtRequest)
2025-01-31T11:22:53.011+05:30 DEBUG 3288 --- [Project-postman-version] [http-nio-8080-exec-5] m.m.a.RequestResponseBodyMethodProcessor : Read "application/json;charset=UTF-8" to [com.society.dto.JwtRequest@30b8b39]
2025-01-31T11:22:53.016+05:30 DEBUG 3288 --- [Project-postman-version] [http-nio-8080-exec-5] o.s.w.s.m.m.a.HttpEntityMethodProcessor  : Using 'application/json', given [application/json, text/plain, */*] and supported [application/json, application/*+json]
2025-01-31T11:22:53.016+05:30 DEBUG 3288 --- [Project-postman-version] [http-nio-8080-exec-5] o.s.w.s.m.m.a.HttpEntityMethodProcessor  : Writing [ApiResponse(status=SUCCESS, message=Logged in successfully., data={JWT Token=eyJ0eXAiOiJqd3QiLCJhbGc (truncated)...]
2025-01-31T11:22:53.016+05:30 DEBUG 3288 --- [Project-postman-version] [http-nio-8080-exec-5] o.s.web.servlet.DispatcherServlet        : Completed 200 OK
2025-01-31T11:23:13.568+05:30 DEBUG 3288 --- [Project-postman-version] [http-nio-8080-exec-7] o.s.web.servlet.DispatcherServlet        : POST "/api/auth/login", parameters={}
2025-01-31T11:23:13.568+05:30 DEBUG 3288 --- [Project-postman-version] [http-nio-8080-exec-7] s.w.s.m.m.a.RequestMappingHandlerMapping : Mapped to com.society.security.AuthController#login(JwtRequest)
2025-01-31T11:23:13.569+05:30 DEBUG 3288 --- [Project-postman-version] [http-nio-8080-exec-7] m.m.a.RequestResponseBodyMethodProcessor : Read "application/json;charset=UTF-8" to [com.society.dto.JwtRequest@4696fbc0]
2025-01-31T11:23:13.575+05:30 DEBUG 3288 --- [Project-postman-version] [http-nio-8080-exec-7] o.s.w.s.m.m.a.HttpEntityMethodProcessor  : Using 'application/json', given [application/json, text/plain, */*] and supported [application/json, application/*+json]
2025-01-31T11:23:13.576+05:30 DEBUG 3288 --- [Project-postman-version] [http-nio-8080-exec-7] o.s.w.s.m.m.a.HttpEntityMethodProcessor  : Writing [ApiResponse(status=SUCCESS, message=Logged in successfully., data={JWT Token=eyJ0eXAiOiJqd3QiLCJhbGc (truncated)...]
2025-01-31T11:23:13.576+05:30 DEBUG 3288 --- [Project-postman-version] [http-nio-8080-exec-7] o.s.web.servlet.DispatcherServlet        : Completed 200 OK
2025-01-31T11:23:24.004+05:30 DEBUG 3288 --- [Project-postman-version] [http-nio-8080-exec-9] o.s.web.servlet.DispatcherServlet        : POST "/api/auth/login", parameters={}
2025-01-31T11:23:24.004+05:30 DEBUG 3288 --- [Project-postman-version] [http-nio-8080-exec-9] s.w.s.m.m.a.RequestMappingHandlerMapping : Mapped to com.society.security.AuthController#login(JwtRequest)
2025-01-31T11:23:24.007+05:30 DEBUG 3288 --- [Project-postman-version] [http-nio-8080-exec-9] m.m.a.RequestResponseBodyMethodProcessor : Read "application/json;charset=UTF-8" to [com.society.dto.JwtRequest@3b65671d]
2025-01-31T11:23:24.011+05:30 DEBUG 3288 --- [Project-postman-version] [http-nio-8080-exec-9] o.s.w.s.m.m.a.HttpEntityMethodProcessor  : Using 'application/json', given [application/json, text/plain, */*] and supported [application/json, application/*+json]
2025-01-31T11:23:24.013+05:30 DEBUG 3288 --- [Project-postman-version] [http-nio-8080-exec-9] o.s.w.s.m.m.a.HttpEntityMethodProcessor  : Writing [ApiResponse(status=SUCCESS, message=Logged in successfully., data={JWT Token=eyJ0eXAiOiJqd3QiLCJhbGc (truncated)...]
2025-01-31T11:23:24.016+05:30 DEBUG 3288 --- [Project-postman-version] [http-nio-8080-exec-9] o.s.web.servlet.DispatcherServlet        : Completed 200 OK
2025-01-31T11:27:20.560+05:30 DEBUG 3288 --- [Project-postman-version] [http-nio-8080-exec-2] o.s.web.servlet.DispatcherServlet        : POST "/api/auth/login", parameters={}
2025-01-31T11:27:20.562+05:30 DEBUG 3288 --- [Project-postman-version] [http-nio-8080-exec-2] s.w.s.m.m.a.RequestMappingHandlerMapping : Mapped to com.society.security.AuthController#login(JwtRequest)
2025-01-31T11:27:20.565+05:30 DEBUG 3288 --- [Project-postman-version] [http-nio-8080-exec-2] m.m.a.RequestResponseBodyMethodProcessor : Read "application/json;charset=UTF-8" to [com.society.dto.JwtRequest@6168c48d]
2025-01-31T11:27:20.567+05:30 DEBUG 3288 --- [Project-postman-version] [http-nio-8080-exec-2] o.s.w.s.m.m.a.HttpEntityMethodProcessor  : Using 'application/json', given [application/json, text/plain, */*] and supported [application/json, application/*+json]
2025-01-31T11:27:20.567+05:30 DEBUG 3288 --- [Project-postman-version] [http-nio-8080-exec-2] o.s.w.s.m.m.a.HttpEntityMethodProcessor  : Writing [ApiResponse(status=SUCCESS, message=Logged in successfully., data={JWT Token=eyJ0eXAiOiJqd3QiLCJhbGc (truncated)...]
2025-01-31T11:27:20.573+05:30 DEBUG 3288 --- [Project-postman-version] [http-nio-8080-exec-2] o.s.web.servlet.DispatcherServlet        : Completed 200 OK
2025-01-31T11:27:32.230+05:30 DEBUG 3288 --- [Project-postman-version] [http-nio-8080-exec-4] o.s.web.servlet.DispatcherServlet        : GET "/visitor/verify/", parameters={}
2025-01-31T11:27:32.233+05:30 DEBUG 3288 --- [Project-postman-version] [http-nio-8080-exec-4] o.s.w.s.handler.SimpleUrlHandlerMapping  : Mapped to ResourceHttpRequestHandler [classpath [META-INF/resources/], classpath [resources/], classpath [static/], classpath [public/], ServletContext [/]]
2025-01-31T11:27:32.243+05:30 DEBUG 3288 --- [Project-postman-version] [http-nio-8080-exec-4] o.s.w.s.r.ResourceHttpRequestHandler     : Resource not found
2025-01-31T11:27:32.253+05:30 DEBUG 3288 --- [Project-postman-version] [http-nio-8080-exec-4] .m.m.a.ExceptionHandlerExceptionResolver : Using @ExceptionHandler com.society.exceptions.GlobalExceptionHandler#handleException(Exception, WebRequest)
2025-01-31T11:27:32.302+05:30 DEBUG 3288 --- [Project-postman-version] [http-nio-8080-exec-4] o.s.w.s.m.m.a.HttpEntityMethodProcessor  : Using 'application/problem+json', given [application/json, text/plain, */*] and supported [application/problem+json]
2025-01-31T11:27:32.314+05:30 DEBUG 3288 --- [Project-postman-version] [http-nio-8080-exec-4] o.s.w.s.m.m.a.HttpEntityMethodProcessor  : Writing [ProblemDetail[type='about:blank', title='Not Found', status=404, detail='No static resource visitor/ (truncated)...]
2025-01-31T11:27:32.319+05:30  WARN 3288 --- [Project-postman-version] [http-nio-8080-exec-4] .m.m.a.ExceptionHandlerExceptionResolver : Resolved [org.springframework.web.servlet.resource.NoResourceFoundException: No static resource visitor/verify.]
2025-01-31T11:27:32.319+05:30 DEBUG 3288 --- [Project-postman-version] [http-nio-8080-exec-4] o.s.web.servlet.DispatcherServlet        : Completed 404 NOT_FOUND
2025-01-31T11:31:12.993+05:30 DEBUG 3288 --- [Project-postman-version] [http-nio-8080-exec-7] o.s.web.servlet.DispatcherServlet        : POST "/api/auth/login", parameters={}
2025-01-31T11:31:12.993+05:30 DEBUG 3288 --- [Project-postman-version] [http-nio-8080-exec-7] s.w.s.m.m.a.RequestMappingHandlerMapping : Mapped to com.society.security.AuthController#login(JwtRequest)
2025-01-31T11:31:12.995+05:30 DEBUG 3288 --- [Project-postman-version] [http-nio-8080-exec-7] m.m.a.RequestResponseBodyMethodProcessor : Read "application/json;charset=UTF-8" to [com.society.dto.JwtRequest@3ebbcc28]
2025-01-31T11:31:13.001+05:30 DEBUG 3288 --- [Project-postman-version] [http-nio-8080-exec-7] o.s.w.s.m.m.a.HttpEntityMethodProcessor  : Using 'application/json', given [application/json, text/plain, */*] and supported [application/json, application/*+json]
2025-01-31T11:31:13.003+05:30 DEBUG 3288 --- [Project-postman-version] [http-nio-8080-exec-7] o.s.w.s.m.m.a.HttpEntityMethodProcessor  : Writing [ApiResponse(status=SUCCESS, message=Logged in successfully., data={JWT Token=eyJ0eXAiOiJqd3QiLCJhbGc (truncated)...]
2025-01-31T11:31:13.004+05:30 DEBUG 3288 --- [Project-postman-version] [http-nio-8080-exec-7] o.s.web.servlet.DispatcherServlet        : Completed 200 OK
2025-01-31T11:31:19.226+05:30 DEBUG 3288 --- [Project-postman-version] [http-nio-8080-exec-9] o.s.web.servlet.DispatcherServlet        : GET "/visitor/verify/8c4f79abb3f1", parameters={}
2025-01-31T11:31:19.227+05:30 DEBUG 3288 --- [Project-postman-version] [http-nio-8080-exec-9] o.s.w.s.handler.SimpleUrlHandlerMapping  : Mapped to ResourceHttpRequestHandler [classpath [META-INF/resources/], classpath [resources/], classpath [static/], classpath [public/], ServletContext [/]]
2025-01-31T11:31:19.227+05:30 DEBUG 3288 --- [Project-postman-version] [http-nio-8080-exec-9] o.s.w.s.r.ResourceHttpRequestHandler     : Resource not found
2025-01-31T11:31:19.233+05:30 DEBUG 3288 --- [Project-postman-version] [http-nio-8080-exec-9] .m.m.a.ExceptionHandlerExceptionResolver : Using @ExceptionHandler com.society.exceptions.GlobalExceptionHandler#handleException(Exception, WebRequest)
2025-01-31T11:31:19.233+05:30 DEBUG 3288 --- [Project-postman-version] [http-nio-8080-exec-9] o.s.w.s.m.m.a.HttpEntityMethodProcessor  : Using 'application/problem+json', given [application/json, text/plain, */*] and supported [application/problem+json]
2025-01-31T11:31:19.235+05:30 DEBUG 3288 --- [Project-postman-version] [http-nio-8080-exec-9] o.s.w.s.m.m.a.HttpEntityMethodProcessor  : Writing [ProblemDetail[type='about:blank', title='Not Found', status=404, detail='No static resource visitor/ (truncated)...]
2025-01-31T11:31:19.237+05:30  WARN 3288 --- [Project-postman-version] [http-nio-8080-exec-9] .m.m.a.ExceptionHandlerExceptionResolver : Resolved [org.springframework.web.servlet.resource.NoResourceFoundException: No static resource visitor/verify/8c4f79abb3f1.]
2025-01-31T11:31:19.237+05:30 DEBUG 3288 --- [Project-postman-version] [http-nio-8080-exec-9] o.s.web.servlet.DispatcherServlet        : Completed 404 NOT_FOUND
2025-01-31T11:31:25.327+05:30 DEBUG 3288 --- [Project-postman-version] [http-nio-8080-exec-1] o.s.web.servlet.DispatcherServlet        : GET "/visitor/verify/c39766b0f66", parameters={}
2025-01-31T11:31:25.328+05:30 DEBUG 3288 --- [Project-postman-version] [http-nio-8080-exec-1] o.s.w.s.handler.SimpleUrlHandlerMapping  : Mapped to ResourceHttpRequestHandler [classpath [META-INF/resources/], classpath [resources/], classpath [static/], classpath [public/], ServletContext [/]]
2025-01-31T11:31:25.328+05:30 DEBUG 3288 --- [Project-postman-version] [http-nio-8080-exec-1] o.s.w.s.r.ResourceHttpRequestHandler     : Resource not found
2025-01-31T11:31:25.334+05:30 DEBUG 3288 --- [Project-postman-version] [http-nio-8080-exec-1] .m.m.a.ExceptionHandlerExceptionResolver : Using @ExceptionHandler com.society.exceptions.GlobalExceptionHandler#handleException(Exception, WebRequest)
2025-01-31T11:31:25.336+05:30 DEBUG 3288 --- [Project-postman-version] [http-nio-8080-exec-1] o.s.w.s.m.m.a.HttpEntityMethodProcessor  : Using 'application/problem+json', given [application/json, text/plain, */*] and supported [application/problem+json]
2025-01-31T11:31:25.337+05:30 DEBUG 3288 --- [Project-postman-version] [http-nio-8080-exec-1] o.s.w.s.m.m.a.HttpEntityMethodProcessor  : Writing [ProblemDetail[type='about:blank', title='Not Found', status=404, detail='No static resource visitor/ (truncated)...]
2025-01-31T11:31:25.337+05:30  WARN 3288 --- [Project-postman-version] [http-nio-8080-exec-1] .m.m.a.ExceptionHandlerExceptionResolver : Resolved [org.springframework.web.servlet.resource.NoResourceFoundException: No static resource visitor/verify/c39766b0f66.]
2025-01-31T11:31:25.337+05:30 DEBUG 3288 --- [Project-postman-version] [http-nio-8080-exec-1] o.s.web.servlet.DispatcherServlet        : Completed 404 NOT_FOUND
2025-01-31T11:33:29.198+05:30  INFO 3288 --- [Project-postman-version] [File Watcher] rtingClassPathChangeChangedEventListener : Restarting due to 1 class path change (0 additions, 0 deletions, 1 modification)
2025-01-31T11:33:29.419+05:30  INFO 3288 --- [Project-postman-version] [Thread-5] com.zaxxer.hikari.HikariDataSource       : HikariPool-1 - Shutdown initiated...
2025-01-31T11:33:29.451+05:30  INFO 3288 --- [Project-postman-version] [Thread-5] com.zaxxer.hikari.HikariDataSource       : HikariPool-1 - Shutdown completed.
2025-01-31T11:33:29.752+05:30  INFO 3288 --- [Project-postman-version] [restartedMain] c.a.s.p.s.AwsSpringWebRuntimeInitializer : AWS Environment: {USERDOMAIN_ROAMINGPROFILE=WGTI, OneDriveCommercial=C:\Users\ijain\OneDrive - WatchGuard Technologies Inc, LOCALAPPDATA=C:\Users\ijain\AppData\Local, PROCESSOR_LEVEL=6, USERDOMAIN=WGTI, LOGONSERVER=\\PRDDCIND02, SESSIONNAME=Console, ALLUSERSPROFILE=C:\ProgramData, PROCESSOR_ARCHITECTURE=AMD64, PSModulePath=C:\Program Files\WindowsPowerShell\Modules;C:\WINDOWS\system32\WindowsPowerShell\v1.0\Modules, SystemDrive=C:, MAVEN_HOME=C:\Users\ijain\Downloads\apache-maven-3.9.9-bin\apache-maven-3.9.9, OneDrive=C:\Users\ijain\OneDrive - WatchGuard Technologies Inc, APPDATA=C:\Users\ijain\AppData\Roaming, USERNAME=ijain, USERDNSDOMAIN=WGTI.NET, ProgramFiles(x86)=C:\Program Files (x86), CommonProgramFiles=C:\Program Files\Common Files, Path=C:/Users/ijain/Downloads/eclipse-java-2024-06-R-win32-x86_64/eclipse//plugins/org.eclipse.justj.openjdk.hotspot.jre.full.win32.x86_64_21.0.3.v20240426-1530/jre/bin/server;C:/Users/ijain/Downloads/eclipse-java-2024-06-R-win32-x86_64/eclipse//plugins/org.eclipse.justj.openjdk.hotspot.jre.full.win32.x86_64_21.0.3.v20240426-1530/jre/bin;C:\Program Files\MySQL\MySQL Server 8.0\bin;C:\Program Files\Java\jdk-22\bin;C:\Users\ijain\Downloads\apache-maven-3.9.9-bin\apache-maven-3.9.9\bin;C:\Program Files\Common Files\Oracle\Java\javapath;C:\WINDOWS\system32;C:\WINDOWS;C:\WINDOWS\System32\Wbem;C:\WINDOWS\System32\WindowsPowerShell\v1.0\;C:\WINDOWS\System32\OpenSSH\;C:\Program Files\dotnet\;C:\Program Files\Docker\Docker\resources\bin;C:\Program Files\RedHat\Podman\;C:\Program Files (x86)\Git\cmd;C:\Program Files\Amazon\AWSCLIV2\;C:\Program Files\Amazon\AWSSAMCLI\bin\;C:\Program Files\nodejs\;C:\Program Files\MySQL\MySQL Shell 8.0\bin\;C:\Users\ijain\AppData\Local\Microsoft\WindowsApps;C:\Users\ijain\AppData\Local\GitHubDesktop\bin;C:\Users\ijain\AppData\Local\Programs\Microsoft VS Code\bin;C:\Program Files\nodejs;C:\Users\ijain\AppData\Roaming\npm;C:\Users\ijain\Downloads\eclipse-java-2024-06-R-win32-x86_64\eclipse;, PATHEXT=.COM;.EXE;.BAT;.CMD;.VBS;.VBE;.JS;.JSE;.WSF;.WSH;.MSC, DriverData=C:\Windows\System32\Drivers\DriverData, OS=Windows_NT, COMPUTERNAME=LAP-55382, PROCESSOR_REVISION=8e0c, CommonProgramW6432=C:\Program Files\Common Files, ComSpec=C:\WINDOWS\system32\cmd.exe, ProgramData=C:\ProgramData, ProgramW6432=C:\Program Files, HOMEPATH=\Users\ijain, SystemRoot=C:\WINDOWS, TEMP=C:\Users\ijain\AppData\Local\Temp, HOMEDRIVE=C:, PROCESSOR_IDENTIFIER=Intel64 Family 6 Model 142 Stepping 12, GenuineIntel, USERPROFILE=C:\Users\ijain, TMP=C:\Users\ijain\AppData\Local\Temp, CommonProgramFiles(x86)=C:\Program Files (x86)\Common Files, ProgramFiles=C:\Program Files, PUBLIC=C:\Users\Public, NUMBER_OF_PROCESSORS=8, windir=C:\WINDOWS, =::=::\, EFC_11124=1, ZES_ENABLE_SYSMAN=1}
2025-01-31T11:33:29.759+05:30  INFO 3288 --- [Project-postman-version] [restartedMain] com.society.main                         : Starting main using Java 21.0.3 with PID 3288 (C:\Users\ijain\eclipse-workspace\societyManageRestAPI\target\classes started by ijain in C:\Users\ijain\eclipse-workspace\societyManageRestAPI)
2025-01-31T11:33:29.760+05:30  INFO 3288 --- [Project-postman-version] [restartedMain] com.society.main                         : The following 1 profile is active: "DbConnection"
2025-01-31T11:33:32.726+05:30  INFO 3288 --- [Project-postman-version] [restartedMain] .s.d.r.c.RepositoryConfigurationDelegate : Bootstrapping Spring Data JDBC repositories in DEFAULT mode.
2025-01-31T11:33:32.897+05:30  INFO 3288 --- [Project-postman-version] [restartedMain] .s.d.r.c.RepositoryConfigurationDelegate : Finished Spring Data repository scanning in 173 ms. Found 0 JDBC repository interfaces.
2025-01-31T11:33:33.376+05:30  INFO 3288 --- [Project-postman-version] [restartedMain] o.s.b.w.embedded.tomcat.TomcatWebServer  : Tomcat initialized with port 8080 (http)
2025-01-31T11:33:33.389+05:30  INFO 3288 --- [Project-postman-version] [restartedMain] o.apache.catalina.core.StandardService   : Starting service [Tomcat]
2025-01-31T11:33:33.389+05:30  INFO 3288 --- [Project-postman-version] [restartedMain] o.apache.catalina.core.StandardEngine    : Starting Servlet engine: [Apache Tomcat/10.1.30]
2025-01-31T11:33:33.547+05:30  INFO 3288 --- [Project-postman-version] [restartedMain] o.a.c.c.C.[Tomcat].[localhost].[/]       : Initializing Spring embedded WebApplicationContext
2025-01-31T11:33:33.552+05:30  INFO 3288 --- [Project-postman-version] [restartedMain] w.s.c.ServletWebServerApplicationContext : Root WebApplicationContext: initialization completed in 3777 ms
2025-01-31T11:33:34.417+05:30  INFO 3288 --- [Project-postman-version] [restartedMain] r$InitializeUserDetailsManagerConfigurer : Global AuthenticationManager configured with UserDetailsService bean with name userDetailsServiceImpl
2025-01-31T11:33:34.583+05:30 DEBUG 3288 --- [Project-postman-version] [restartedMain] s.w.s.m.m.a.RequestMappingHandlerMapping : 46 mappings in 'requestMappingHandlerMapping'
2025-01-31T11:33:34.747+05:30 DEBUG 3288 --- [Project-postman-version] [restartedMain] o.s.w.s.handler.SimpleUrlHandlerMapping  : Patterns [/webjars/**, /static/**, /swagger-ui*/*swagger-initializer.js, /swagger-ui*/**] in 'resourceHandlerMapping'
2025-01-31T11:33:34.930+05:30 DEBUG 3288 --- [Project-postman-version] [restartedMain] s.w.s.m.m.a.RequestMappingHandlerAdapter : ControllerAdvice beans: 0 @ModelAttribute, 0 @InitBinder, 1 RequestBodyAdvice, 1 ResponseBodyAdvice
2025-01-31T11:33:34.949+05:30 DEBUG 3288 --- [Project-postman-version] [restartedMain] .m.m.a.ExceptionHandlerExceptionResolver : ControllerAdvice beans: 2 @ExceptionHandler, 1 ResponseBodyAdvice
2025-01-31T11:33:35.244+05:30  INFO 3288 --- [Project-postman-version] [restartedMain] com.zaxxer.hikari.HikariDataSource       : HikariPool-2 - Starting...
2025-01-31T11:33:35.286+05:30  INFO 3288 --- [Project-postman-version] [restartedMain] com.zaxxer.hikari.pool.HikariPool        : HikariPool-2 - Added connection com.mysql.cj.jdbc.ConnectionImpl@7d46d31a
2025-01-31T11:33:35.288+05:30  INFO 3288 --- [Project-postman-version] [restartedMain] com.zaxxer.hikari.HikariDataSource       : HikariPool-2 - Start completed.
2025-01-31T11:33:35.449+05:30  INFO 3288 --- [Project-postman-version] [restartedMain] o.s.b.d.a.OptionalLiveReloadServer       : LiveReload server is running on port 35729
2025-01-31T11:33:35.538+05:30  INFO 3288 --- [Project-postman-version] [restartedMain] o.s.b.w.embedded.tomcat.TomcatWebServer  : Tomcat started on port 8080 (http) with context path '/'
2025-01-31T11:33:35.559+05:30  INFO 3288 --- [Project-postman-version] [restartedMain] com.society.main                         : Started main in 5.934 seconds (process running for 5192.014)
2025-01-31T11:33:35.566+05:30  INFO 3288 --- [Project-postman-version] [restartedMain] .ConditionEvaluationDeltaLoggingListener : Condition evaluation unchanged
2025-01-31T11:33:35.616+05:30  INFO 3288 --- [Project-postman-version] [http-nio-8080-exec-3] o.a.c.c.C.[Tomcat].[localhost].[/]       : Initializing Spring DispatcherServlet 'dispatcherServlet'
2025-01-31T11:33:35.616+05:30  INFO 3288 --- [Project-postman-version] [http-nio-8080-exec-3] o.s.web.servlet.DispatcherServlet        : Initializing Servlet 'dispatcherServlet'
2025-01-31T11:33:35.616+05:30 DEBUG 3288 --- [Project-postman-version] [http-nio-8080-exec-3] o.s.web.servlet.DispatcherServlet        : Detected StandardServletMultipartResolver
2025-01-31T11:33:35.616+05:30 DEBUG 3288 --- [Project-postman-version] [http-nio-8080-exec-3] o.s.web.servlet.DispatcherServlet        : Detected AcceptHeaderLocaleResolver
2025-01-31T11:33:35.618+05:30 DEBUG 3288 --- [Project-postman-version] [http-nio-8080-exec-3] o.s.web.servlet.DispatcherServlet        : Detected FixedThemeResolver
2025-01-31T11:33:35.620+05:30 DEBUG 3288 --- [Project-postman-version] [http-nio-8080-exec-3] o.s.web.servlet.DispatcherServlet        : Detected org.springframework.web.servlet.view.DefaultRequestToViewNameTranslator@2650069f
2025-01-31T11:33:35.621+05:30 DEBUG 3288 --- [Project-postman-version] [http-nio-8080-exec-3] o.s.web.servlet.DispatcherServlet        : Detected org.springframework.web.servlet.support.SessionFlashMapManager@2897fc25
2025-01-31T11:33:35.621+05:30 DEBUG 3288 --- [Project-postman-version] [http-nio-8080-exec-3] o.s.web.servlet.DispatcherServlet        : enableLoggingRequestDetails='false': request parameters and headers will be masked to prevent unsafe logging of potentially sensitive data
2025-01-31T11:33:35.623+05:30  INFO 3288 --- [Project-postman-version] [http-nio-8080-exec-3] o.s.web.servlet.DispatcherServlet        : Completed initialization in 7 ms
2025-01-31T11:33:35.662+05:30 DEBUG 3288 --- [Project-postman-version] [http-nio-8080-exec-4] o.s.web.servlet.DispatcherServlet        : GET "/visitor/verify/c39766b0f66", parameters={}
2025-01-31T11:33:35.664+05:30  WARN 3288 --- [Project-postman-version] [http-nio-8080-exec-4] o.s.web.servlet.PageNotFound             : No mapping for GET /visitor/verify/c39766b0f66
2025-01-31T11:33:35.668+05:30 DEBUG 3288 --- [Project-postman-version] [http-nio-8080-exec-4] .m.m.a.ExceptionHandlerExceptionResolver : Using @ExceptionHandler com.society.exceptions.GlobalExceptionHandler#handleException(Exception, WebRequest)
2025-01-31T11:33:35.688+05:30 DEBUG 3288 --- [Project-postman-version] [http-nio-8080-exec-4] o.s.w.s.m.m.a.HttpEntityMethodProcessor  : Using 'application/problem+json', given [application/json, text/plain, */*] and supported [application/problem+json]
2025-01-31T11:33:35.688+05:30 DEBUG 3288 --- [Project-postman-version] [http-nio-8080-exec-4] o.s.w.s.m.m.a.HttpEntityMethodProcessor  : Writing [ProblemDetail[type='about:blank', title='Not Found', status=404, detail='No endpoint GET /visitor/ve (truncated)...]
2025-01-31T11:33:35.692+05:30  WARN 3288 --- [Project-postman-version] [http-nio-8080-exec-4] .m.m.a.ExceptionHandlerExceptionResolver : Resolved [org.springframework.web.servlet.NoHandlerFoundException: No endpoint GET /visitor/verify/c39766b0f66.]
2025-01-31T11:33:35.692+05:30 DEBUG 3288 --- [Project-postman-version] [http-nio-8080-exec-4] o.s.web.servlet.DispatcherServlet        : Completed 404 NOT_FOUND
2025-01-31T11:33:35.704+05:30 DEBUG 3288 --- [Project-postman-version] [http-nio-8080-exec-1] o.s.web.servlet.DispatcherServlet        : GET "/visitor/verify/c39766b0f66", parameters={}
2025-01-31T11:33:35.704+05:30  WARN 3288 --- [Project-postman-version] [http-nio-8080-exec-1] o.s.web.servlet.PageNotFound             : No mapping for GET /visitor/verify/c39766b0f66
2025-01-31T11:33:35.704+05:30 DEBUG 3288 --- [Project-postman-version] [http-nio-8080-exec-1] .m.m.a.ExceptionHandlerExceptionResolver : Using @ExceptionHandler com.society.exceptions.GlobalExceptionHandler#handleException(Exception, WebRequest)
2025-01-31T11:33:35.704+05:30 DEBUG 3288 --- [Project-postman-version] [http-nio-8080-exec-1] o.s.w.s.m.m.a.HttpEntityMethodProcessor  : Using 'application/problem+json', given [application/json, text/plain, */*] and supported [application/problem+json]
2025-01-31T11:33:35.708+05:30 DEBUG 3288 --- [Project-postman-version] [http-nio-8080-exec-1] o.s.w.s.m.m.a.HttpEntityMethodProcessor  : Writing [ProblemDetail[type='about:blank', title='Not Found', status=404, detail='No endpoint GET /visitor/ve (truncated)...]
2025-01-31T11:33:35.709+05:30  WARN 3288 --- [Project-postman-version] [http-nio-8080-exec-1] .m.m.a.ExceptionHandlerExceptionResolver : Resolved [org.springframework.web.servlet.NoHandlerFoundException: No endpoint GET /visitor/verify/c39766b0f66.]
2025-01-31T11:33:35.711+05:30 DEBUG 3288 --- [Project-postman-version] [http-nio-8080-exec-1] o.s.web.servlet.DispatcherServlet        : Completed 404 NOT_FOUND
2025-01-31T11:33:50.657+05:30 DEBUG 3288 --- [Project-postman-version] [http-nio-8080-exec-5] o.s.web.servlet.DispatcherServlet        : GET "/visitor/verify/8c4f79abb3f1", parameters={}
2025-01-31T11:33:50.659+05:30  WARN 3288 --- [Project-postman-version] [http-nio-8080-exec-5] o.s.web.servlet.PageNotFound             : No mapping for GET /visitor/verify/8c4f79abb3f1
2025-01-31T11:33:50.659+05:30 DEBUG 3288 --- [Project-postman-version] [http-nio-8080-exec-5] .m.m.a.ExceptionHandlerExceptionResolver : Using @ExceptionHandler com.society.exceptions.GlobalExceptionHandler#handleException(Exception, WebRequest)
2025-01-31T11:33:50.659+05:30 DEBUG 3288 --- [Project-postman-version] [http-nio-8080-exec-5] o.s.w.s.m.m.a.HttpEntityMethodProcessor  : Using 'application/problem+json', given [application/json, text/plain, */*] and supported [application/problem+json]
2025-01-31T11:33:50.662+05:30 DEBUG 3288 --- [Project-postman-version] [http-nio-8080-exec-5] o.s.w.s.m.m.a.HttpEntityMethodProcessor  : Writing [ProblemDetail[type='about:blank', title='Not Found', status=404, detail='No endpoint GET /visitor/ve (truncated)...]
2025-01-31T11:33:50.662+05:30  WARN 3288 --- [Project-postman-version] [http-nio-8080-exec-5] .m.m.a.ExceptionHandlerExceptionResolver : Resolved [org.springframework.web.servlet.NoHandlerFoundException: No endpoint GET /visitor/verify/8c4f79abb3f1.]
2025-01-31T11:33:50.662+05:30 DEBUG 3288 --- [Project-postman-version] [http-nio-8080-exec-5] o.s.web.servlet.DispatcherServlet        : Completed 404 NOT_FOUND
2025-01-31T11:34:10.342+05:30  INFO 3288 --- [Project-postman-version] [File Watcher] rtingClassPathChangeChangedEventListener : Restarting due to 1 class path change (0 additions, 0 deletions, 1 modification)
2025-01-31T11:34:10.364+05:30  INFO 3288 --- [Project-postman-version] [Thread-7] com.zaxxer.hikari.HikariDataSource       : HikariPool-2 - Shutdown initiated...
2025-01-31T11:34:10.379+05:30  INFO 3288 --- [Project-postman-version] [Thread-7] com.zaxxer.hikari.HikariDataSource       : HikariPool-2 - Shutdown completed.
2025-01-31T11:34:10.602+05:30  INFO 3288 --- [Project-postman-version] [restartedMain] c.a.s.p.s.AwsSpringWebRuntimeInitializer : AWS Environment: {USERDOMAIN_ROAMINGPROFILE=WGTI, OneDriveCommercial=C:\Users\ijain\OneDrive - WatchGuard Technologies Inc, LOCALAPPDATA=C:\Users\ijain\AppData\Local, PROCESSOR_LEVEL=6, USERDOMAIN=WGTI, LOGONSERVER=\\PRDDCIND02, SESSIONNAME=Console, ALLUSERSPROFILE=C:\ProgramData, PROCESSOR_ARCHITECTURE=AMD64, PSModulePath=C:\Program Files\WindowsPowerShell\Modules;C:\WINDOWS\system32\WindowsPowerShell\v1.0\Modules, SystemDrive=C:, MAVEN_HOME=C:\Users\ijain\Downloads\apache-maven-3.9.9-bin\apache-maven-3.9.9, OneDrive=C:\Users\ijain\OneDrive - WatchGuard Technologies Inc, APPDATA=C:\Users\ijain\AppData\Roaming, USERNAME=ijain, USERDNSDOMAIN=WGTI.NET, ProgramFiles(x86)=C:\Program Files (x86), CommonProgramFiles=C:\Program Files\Common Files, Path=C:/Users/ijain/Downloads/eclipse-java-2024-06-R-win32-x86_64/eclipse//plugins/org.eclipse.justj.openjdk.hotspot.jre.full.win32.x86_64_21.0.3.v20240426-1530/jre/bin/server;C:/Users/ijain/Downloads/eclipse-java-2024-06-R-win32-x86_64/eclipse//plugins/org.eclipse.justj.openjdk.hotspot.jre.full.win32.x86_64_21.0.3.v20240426-1530/jre/bin;C:\Program Files\MySQL\MySQL Server 8.0\bin;C:\Program Files\Java\jdk-22\bin;C:\Users\ijain\Downloads\apache-maven-3.9.9-bin\apache-maven-3.9.9\bin;C:\Program Files\Common Files\Oracle\Java\javapath;C:\WINDOWS\system32;C:\WINDOWS;C:\WINDOWS\System32\Wbem;C:\WINDOWS\System32\WindowsPowerShell\v1.0\;C:\WINDOWS\System32\OpenSSH\;C:\Program Files\dotnet\;C:\Program Files\Docker\Docker\resources\bin;C:\Program Files\RedHat\Podman\;C:\Program Files (x86)\Git\cmd;C:\Program Files\Amazon\AWSCLIV2\;C:\Program Files\Amazon\AWSSAMCLI\bin\;C:\Program Files\nodejs\;C:\Program Files\MySQL\MySQL Shell 8.0\bin\;C:\Users\ijain\AppData\Local\Microsoft\WindowsApps;C:\Users\ijain\AppData\Local\GitHubDesktop\bin;C:\Users\ijain\AppData\Local\Programs\Microsoft VS Code\bin;C:\Program Files\nodejs;C:\Users\ijain\AppData\Roaming\npm;C:\Users\ijain\Downloads\eclipse-java-2024-06-R-win32-x86_64\eclipse;, PATHEXT=.COM;.EXE;.BAT;.CMD;.VBS;.VBE;.JS;.JSE;.WSF;.WSH;.MSC, DriverData=C:\Windows\System32\Drivers\DriverData, OS=Windows_NT, COMPUTERNAME=LAP-55382, PROCESSOR_REVISION=8e0c, CommonProgramW6432=C:\Program Files\Common Files, ComSpec=C:\WINDOWS\system32\cmd.exe, ProgramData=C:\ProgramData, ProgramW6432=C:\Program Files, HOMEPATH=\Users\ijain, SystemRoot=C:\WINDOWS, TEMP=C:\Users\ijain\AppData\Local\Temp, HOMEDRIVE=C:, PROCESSOR_IDENTIFIER=Intel64 Family 6 Model 142 Stepping 12, GenuineIntel, USERPROFILE=C:\Users\ijain, TMP=C:\Users\ijain\AppData\Local\Temp, CommonProgramFiles(x86)=C:\Program Files (x86)\Common Files, ProgramFiles=C:\Program Files, PUBLIC=C:\Users\Public, NUMBER_OF_PROCESSORS=8, windir=C:\WINDOWS, =::=::\, EFC_11124=1, ZES_ENABLE_SYSMAN=1}
2025-01-31T11:34:10.606+05:30  INFO 3288 --- [Project-postman-version] [restartedMain] com.society.main                         : Starting main using Java 21.0.3 with PID 3288 (C:\Users\ijain\eclipse-workspace\societyManageRestAPI\target\classes started by ijain in C:\Users\ijain\eclipse-workspace\societyManageRestAPI)
2025-01-31T11:34:10.607+05:30  INFO 3288 --- [Project-postman-version] [restartedMain] com.society.main                         : The following 1 profile is active: "DbConnection"
2025-01-31T11:34:13.954+05:30  INFO 3288 --- [Project-postman-version] [restartedMain] .s.d.r.c.RepositoryConfigurationDelegate : Bootstrapping Spring Data JDBC repositories in DEFAULT mode.
2025-01-31T11:34:14.081+05:30  INFO 3288 --- [Project-postman-version] [restartedMain] .s.d.r.c.RepositoryConfigurationDelegate : Finished Spring Data repository scanning in 125 ms. Found 0 JDBC repository interfaces.
2025-01-31T11:34:14.246+05:30  INFO 3288 --- [Project-postman-version] [restartedMain] o.s.b.w.embedded.tomcat.TomcatWebServer  : Tomcat initialized with port 8080 (http)
2025-01-31T11:34:14.247+05:30  INFO 3288 --- [Project-postman-version] [restartedMain] o.apache.catalina.core.StandardService   : Starting service [Tomcat]
2025-01-31T11:34:14.247+05:30  INFO 3288 --- [Project-postman-version] [restartedMain] o.apache.catalina.core.StandardEngine    : Starting Servlet engine: [Apache Tomcat/10.1.30]
2025-01-31T11:34:14.327+05:30  INFO 3288 --- [Project-postman-version] [restartedMain] o.a.c.c.C.[Tomcat].[localhost].[/]       : Initializing Spring embedded WebApplicationContext
2025-01-31T11:34:14.327+05:30  INFO 3288 --- [Project-postman-version] [restartedMain] w.s.c.ServletWebServerApplicationContext : Root WebApplicationContext: initialization completed in 3716 ms
2025-01-31T11:34:14.692+05:30  INFO 3288 --- [Project-postman-version] [restartedMain] r$InitializeUserDetailsManagerConfigurer : Global AuthenticationManager configured with UserDetailsService bean with name userDetailsServiceImpl
2025-01-31T11:34:14.763+05:30 DEBUG 3288 --- [Project-postman-version] [restartedMain] s.w.s.m.m.a.RequestMappingHandlerMapping : 46 mappings in 'requestMappingHandlerMapping'
2025-01-31T11:34:14.826+05:30 DEBUG 3288 --- [Project-postman-version] [restartedMain] o.s.w.s.handler.SimpleUrlHandlerMapping  : Patterns [/webjars/**, /static/**, /swagger-ui*/*swagger-initializer.js, /swagger-ui*/**] in 'resourceHandlerMapping'
2025-01-31T11:34:14.870+05:30 DEBUG 3288 --- [Project-postman-version] [restartedMain] s.w.s.m.m.a.RequestMappingHandlerAdapter : ControllerAdvice beans: 0 @ModelAttribute, 0 @InitBinder, 1 RequestBodyAdvice, 1 ResponseBodyAdvice
2025-01-31T11:34:14.882+05:30 DEBUG 3288 --- [Project-postman-version] [restartedMain] .m.m.a.ExceptionHandlerExceptionResolver : ControllerAdvice beans: 2 @ExceptionHandler, 1 ResponseBodyAdvice
2025-01-31T11:34:14.965+05:30  INFO 3288 --- [Project-postman-version] [restartedMain] com.zaxxer.hikari.HikariDataSource       : HikariPool-3 - Starting...
2025-01-31T11:34:14.991+05:30  INFO 3288 --- [Project-postman-version] [restartedMain] com.zaxxer.hikari.pool.HikariPool        : HikariPool-3 - Added connection com.mysql.cj.jdbc.ConnectionImpl@66807c03
2025-01-31T11:34:14.991+05:30  INFO 3288 --- [Project-postman-version] [restartedMain] com.zaxxer.hikari.HikariDataSource       : HikariPool-3 - Start completed.
2025-01-31T11:34:15.067+05:30  INFO 3288 --- [Project-postman-version] [restartedMain] o.s.b.d.a.OptionalLiveReloadServer       : LiveReload server is running on port 35729
2025-01-31T11:34:15.095+05:30  INFO 3288 --- [Project-postman-version] [restartedMain] o.s.b.w.embedded.tomcat.TomcatWebServer  : Tomcat started on port 8080 (http) with context path '/'
2025-01-31T11:34:15.104+05:30  INFO 3288 --- [Project-postman-version] [restartedMain] com.society.main                         : Started main in 4.555 seconds (process running for 5231.558)
2025-01-31T11:34:15.108+05:30  INFO 3288 --- [Project-postman-version] [restartedMain] .ConditionEvaluationDeltaLoggingListener : Condition evaluation unchanged
2025-01-31T11:34:15.126+05:30  INFO 3288 --- [Project-postman-version] [http-nio-8080-exec-1] o.a.c.c.C.[Tomcat].[localhost].[/]       : Initializing Spring DispatcherServlet 'dispatcherServlet'
2025-01-31T11:34:15.126+05:30  INFO 3288 --- [Project-postman-version] [http-nio-8080-exec-1] o.s.web.servlet.DispatcherServlet        : Initializing Servlet 'dispatcherServlet'
2025-01-31T11:34:15.126+05:30 DEBUG 3288 --- [Project-postman-version] [http-nio-8080-exec-1] o.s.web.servlet.DispatcherServlet        : Detected StandardServletMultipartResolver
2025-01-31T11:34:15.126+05:30 DEBUG 3288 --- [Project-postman-version] [http-nio-8080-exec-1] o.s.web.servlet.DispatcherServlet        : Detected AcceptHeaderLocaleResolver
2025-01-31T11:34:15.126+05:30 DEBUG 3288 --- [Project-postman-version] [http-nio-8080-exec-1] o.s.web.servlet.DispatcherServlet        : Detected FixedThemeResolver
2025-01-31T11:34:15.127+05:30 DEBUG 3288 --- [Project-postman-version] [http-nio-8080-exec-1] o.s.web.servlet.DispatcherServlet        : Detected org.springframework.web.servlet.view.DefaultRequestToViewNameTranslator@175678a4
2025-01-31T11:34:15.128+05:30 DEBUG 3288 --- [Project-postman-version] [http-nio-8080-exec-1] o.s.web.servlet.DispatcherServlet        : Detected org.springframework.web.servlet.support.SessionFlashMapManager@1991943e
2025-01-31T11:34:15.128+05:30 DEBUG 3288 --- [Project-postman-version] [http-nio-8080-exec-1] o.s.web.servlet.DispatcherServlet        : enableLoggingRequestDetails='false': request parameters and headers will be masked to prevent unsafe logging of potentially sensitive data
2025-01-31T11:34:15.128+05:30  INFO 3288 --- [Project-postman-version] [http-nio-8080-exec-1] o.s.web.servlet.DispatcherServlet        : Completed initialization in 2 ms
2025-01-31T11:34:15.168+05:30 DEBUG 3288 --- [Project-postman-version] [http-nio-8080-exec-4] o.s.web.servlet.DispatcherServlet        : GET "/visitor/verify/8c4f79abb3f1", parameters={}
2025-01-31T11:34:15.169+05:30  WARN 3288 --- [Project-postman-version] [http-nio-8080-exec-4] o.s.web.servlet.PageNotFound             : No mapping for GET /visitor/verify/8c4f79abb3f1
2025-01-31T11:34:15.171+05:30 DEBUG 3288 --- [Project-postman-version] [http-nio-8080-exec-4] .m.m.a.ExceptionHandlerExceptionResolver : Using @ExceptionHandler com.society.exceptions.GlobalExceptionHandler#handleException(Exception, WebRequest)
2025-01-31T11:34:15.184+05:30 DEBUG 3288 --- [Project-postman-version] [http-nio-8080-exec-4] o.s.w.s.m.m.a.HttpEntityMethodProcessor  : Using 'application/problem+json', given [application/json, text/plain, */*] and supported [application/problem+json]
2025-01-31T11:34:15.186+05:30 DEBUG 3288 --- [Project-postman-version] [http-nio-8080-exec-4] o.s.w.s.m.m.a.HttpEntityMethodProcessor  : Writing [ProblemDetail[type='about:blank', title='Not Found', status=404, detail='No endpoint GET /visitor/ve (truncated)...]
2025-01-31T11:34:15.187+05:30  WARN 3288 --- [Project-postman-version] [http-nio-8080-exec-4] .m.m.a.ExceptionHandlerExceptionResolver : Resolved [org.springframework.web.servlet.NoHandlerFoundException: No endpoint GET /visitor/verify/8c4f79abb3f1.]
2025-01-31T11:34:15.188+05:30 DEBUG 3288 --- [Project-postman-version] [http-nio-8080-exec-4] o.s.web.servlet.DispatcherServlet        : Completed 404 NOT_FOUND
2025-01-31T11:34:16.713+05:30  INFO 3288 --- [Project-postman-version] [File Watcher] rtingClassPathChangeChangedEventListener : Restarting due to 1 class path change (0 additions, 0 deletions, 1 modification)
2025-01-31T11:34:16.744+05:30  INFO 3288 --- [Project-postman-version] [Thread-11] com.zaxxer.hikari.HikariDataSource       : HikariPool-3 - Shutdown initiated...
2025-01-31T11:34:16.752+05:30  INFO 3288 --- [Project-postman-version] [Thread-11] com.zaxxer.hikari.HikariDataSource       : HikariPool-3 - Shutdown completed.
